  [1m[35m (0.1ms)[0m  [1m[34mSELECT sqlite_version(*)[0m
  ↳ bin/rails:9
  [1m[35m (200.6ms)[0m  [1m[35mCREATE TABLE "schema_migrations" ("version" varchar NOT NULL PRIMARY KEY)[0m
  ↳ bin/rails:9
  [1m[35m (111.4ms)[0m  [1m[35mCREATE TABLE "ar_internal_metadata" ("key" varchar NOT NULL PRIMARY KEY, "value" varchar, "created_at" datetime NOT NULL, "updated_at" datetime NOT NULL)[0m
  ↳ bin/rails:9
  [1m[35m (0.2ms)[0m  [1m[34mSELECT "schema_migrations"."version" FROM "schema_migrations" ORDER BY "schema_migrations"."version" ASC[0m
  ↳ bin/rails:9
Migrating to CreateUsers (20190204105540)
  [1m[35m (0.1ms)[0m  [1m[36mbegin transaction[0m
  ↳ bin/rails:9
  [1m[35m (0.6ms)[0m  [1m[35mCREATE TABLE "users" ("id" integer PRIMARY KEY AUTOINCREMENT NOT NULL, "first_name" varchar, "last_name" varchar, "email" varchar, "created_at" datetime NOT NULL, "updated_at" datetime NOT NULL)[0m
  ↳ db/migrate/20190204105540_create_users.rb:3
  [1m[36mActiveRecord::SchemaMigration Create (0.2ms)[0m  [1m[32mINSERT INTO "schema_migrations" ("version") VALUES (?)[0m  [["version", "20190204105540"]]
  ↳ bin/rails:9
  [1m[35m (138.6ms)[0m  [1m[36mcommit transaction[0m
  ↳ bin/rails:9
  [1m[36mActiveRecord::InternalMetadata Load (0.4ms)[0m  [1m[34mSELECT  "ar_internal_metadata".* FROM "ar_internal_metadata" WHERE "ar_internal_metadata"."key" = ? LIMIT ?[0m  [["key", "environment"], ["LIMIT", 1]]
  ↳ bin/rails:9
  [1m[35m (0.1ms)[0m  [1m[36mbegin transaction[0m
  ↳ bin/rails:9
  [1m[36mActiveRecord::InternalMetadata Create (0.3ms)[0m  [1m[32mINSERT INTO "ar_internal_metadata" ("key", "value", "created_at", "updated_at") VALUES (?, ?, ?, ?)[0m  [["key", "environment"], ["value", "development"], ["created_at", "2019-02-04 11:01:57.230848"], ["updated_at", "2019-02-04 11:01:57.230848"]]
  ↳ bin/rails:9
  [1m[35m (78.4ms)[0m  [1m[36mcommit transaction[0m
  ↳ bin/rails:9
  [1m[35m (0.2ms)[0m  [1m[34mSELECT "schema_migrations"."version" FROM "schema_migrations" ORDER BY "schema_migrations"."version" ASC[0m
  ↳ bin/rails:9
  [1m[35m (0.1ms)[0m  [1m[36mbegin transaction[0m
  [1m[36mUser Create (0.5ms)[0m  [1m[32mINSERT INTO "users" ("first_name", "last_name", "email", "created_at", "updated_at") VALUES (?, ?, ?, ?, ?)[0m  [["first_name", "Rakoto"], ["last_name", "Jean"], ["email", "aaaa@mail.com"], ["created_at", "2019-02-04 11:02:21.313445"], ["updated_at", "2019-02-04 11:02:21.313445"]]
  [1m[35m (157.6ms)[0m  [1m[36mcommit transaction[0m
  [1m[35m (0.2ms)[0m  [1m[36mbegin transaction[0m
  [1m[36mUser Create (0.8ms)[0m  [1m[32mINSERT INTO "users" ("first_name", "last_name", "email", "created_at", "updated_at") VALUES (?, ?, ?, ?, ?)[0m  [["first_name", "Randria0"], ["last_name", "Jose"], ["email", "bbb@mail.com"], ["created_at", "2019-02-04 11:04:09.992517"], ["updated_at", "2019-02-04 11:04:09.992517"]]
  [1m[35m (162.7ms)[0m  [1m[36mcommit transaction[0m
  [1m[36mUser Load (0.5ms)[0m  [1m[34mSELECT  "users".* FROM "users" WHERE "users"."id" = ? LIMIT ?[0m  [["id", 1], ["LIMIT", 1]]
  [1m[36mUser Load (0.4ms)[0m  [1m[34mSELECT  "users".* FROM "users" WHERE "users"."id" = ? LIMIT ?[0m  [["id", 2], ["LIMIT", 1]]
  [1m[35m (0.2ms)[0m  [1m[36mbegin transaction[0m
  [1m[36mUser Update (0.7ms)[0m  [1m[33mUPDATE "users" SET "first_name" = ?, "updated_at" = ? WHERE "users"."id" = ?[0m  [["first_name", "RakotoNiova"], ["updated_at", "2019-02-04 11:06:41.853026"], ["id", 1]]
  [1m[35m (159.6ms)[0m  [1m[36mcommit transaction[0m
  [1m[35m (0.2ms)[0m  [1m[36mbegin transaction[0m
  [1m[36mUser Update (0.7ms)[0m  [1m[33mUPDATE "users" SET "last_name" = ?, "updated_at" = ? WHERE "users"."id" = ?[0m  [["last_name", "Josephine"], ["updated_at", "2019-02-04 11:06:46.090256"], ["id", 2]]
  [1m[35m (139.7ms)[0m  [1m[36mcommit transaction[0m
  [1m[35m (0.2ms)[0m  [1m[34mSELECT "schema_migrations"."version" FROM "schema_migrations" ORDER BY "schema_migrations"."version" ASC[0m
  ↳ bin/rails:9
Migrating to CreateArticles (20190204110847)
  [1m[35m (0.1ms)[0m  [1m[36mbegin transaction[0m
  ↳ bin/rails:9
  [1m[35m (0.2ms)[0m  [1m[34mSELECT sqlite_version(*)[0m
  ↳ db/migrate/20190204110847_create_articles.rb:3
  [1m[35m (0.4ms)[0m  [1m[35mCREATE TABLE "articles" ("id" integer PRIMARY KEY AUTOINCREMENT NOT NULL, "title" varchar, "content" text, "user_id" integer, "created_at" datetime NOT NULL, "updated_at" datetime NOT NULL)[0m
  ↳ db/migrate/20190204110847_create_articles.rb:3
  [1m[35m (0.2ms)[0m  [1m[35mCREATE  INDEX "index_articles_on_user_id" ON "articles" ("user_id")[0m
  ↳ db/migrate/20190204110847_create_articles.rb:3
  [1m[36mActiveRecord::SchemaMigration Create (0.3ms)[0m  [1m[32mINSERT INTO "schema_migrations" ("version") VALUES (?)[0m  [["version", "20190204110847"]]
  ↳ bin/rails:9
  [1m[35m (112.5ms)[0m  [1m[36mcommit transaction[0m
  ↳ bin/rails:9
  [1m[36mActiveRecord::InternalMetadata Load (0.4ms)[0m  [1m[34mSELECT  "ar_internal_metadata".* FROM "ar_internal_metadata" WHERE "ar_internal_metadata"."key" = ? LIMIT ?[0m  [["key", "environment"], ["LIMIT", 1]]
  ↳ bin/rails:9
  [1m[35m (0.2ms)[0m  [1m[36mbegin transaction[0m
  ↳ bin/rails:9
  [1m[35m (0.1ms)[0m  [1m[36mcommit transaction[0m
  ↳ bin/rails:9
  [1m[35m (0.1ms)[0m  [1m[34mSELECT "schema_migrations"."version" FROM "schema_migrations" ORDER BY "schema_migrations"."version" ASC[0m
  ↳ bin/rails:9
  [1m[35m (0.2ms)[0m  [1m[34mSELECT "schema_migrations"."version" FROM "schema_migrations" ORDER BY "schema_migrations"."version" ASC[0m
  ↳ bin/rails:9
  [1m[35m (0.1ms)[0m  [1m[36mbegin transaction[0m
  ↳ db/seeds.rb:10
  [1m[36mUser Create (0.4ms)[0m  [1m[32mINSERT INTO "users" ("first_name", "last_name", "email", "created_at", "updated_at") VALUES (?, ?, ?, ?, ?)[0m  [["first_name", "Twyla"], ["last_name", "Robel"], ["email", "wendieweber@windlermurray.name"], ["created_at", "2019-02-04 11:21:36.375345"], ["updated_at", "2019-02-04 11:21:36.375345"]]
  ↳ db/seeds.rb:10
  [1m[35m (109.9ms)[0m  [1m[36mcommit transaction[0m
  ↳ db/seeds.rb:10
  [1m[35m (0.1ms)[0m  [1m[36mbegin transaction[0m
  ↳ db/seeds.rb:10
  [1m[36mUser Create (0.3ms)[0m  [1m[32mINSERT INTO "users" ("first_name", "last_name", "email", "created_at", "updated_at") VALUES (?, ?, ?, ?, ?)[0m  [["first_name", "Oliver"], ["last_name", "Graham"], ["email", "eugene@zulauf.biz"], ["created_at", "2019-02-04 11:21:36.489519"], ["updated_at", "2019-02-04 11:21:36.489519"]]
  ↳ db/seeds.rb:10
  [1m[35m (73.5ms)[0m  [1m[36mcommit transaction[0m
  ↳ db/seeds.rb:10
  [1m[35m (0.1ms)[0m  [1m[36mbegin transaction[0m
  ↳ db/seeds.rb:10
  [1m[36mUser Create (0.3ms)[0m  [1m[32mINSERT INTO "users" ("first_name", "last_name", "email", "created_at", "updated_at") VALUES (?, ?, ?, ?, ?)[0m  [["first_name", "Fritz"], ["last_name", "MacGyver"], ["email", "floydnikolaus@heidenreich.name"], ["created_at", "2019-02-04 11:21:36.567175"], ["updated_at", "2019-02-04 11:21:36.567175"]]
  ↳ db/seeds.rb:10
  [1m[35m (73.5ms)[0m  [1m[36mcommit transaction[0m
  ↳ db/seeds.rb:10
  [1m[35m (0.1ms)[0m  [1m[36mbegin transaction[0m
  ↳ db/seeds.rb:10
  [1m[36mUser Create (0.3ms)[0m  [1m[32mINSERT INTO "users" ("first_name", "last_name", "email", "created_at", "updated_at") VALUES (?, ?, ?, ?, ?)[0m  [["first_name", "Ardella"], ["last_name", "Ondricka"], ["email", "cyndykuvalis@hoppe.io"], ["created_at", "2019-02-04 11:21:36.643986"], ["updated_at", "2019-02-04 11:21:36.643986"]]
  ↳ db/seeds.rb:10
  [1m[35m (96.8ms)[0m  [1m[36mcommit transaction[0m
  ↳ db/seeds.rb:10
  [1m[35m (0.2ms)[0m  [1m[36mbegin transaction[0m
  ↳ db/seeds.rb:10
  [1m[36mUser Create (0.7ms)[0m  [1m[32mINSERT INTO "users" ("first_name", "last_name", "email", "created_at", "updated_at") VALUES (?, ?, ?, ?, ?)[0m  [["first_name", "Kimberely"], ["last_name", "Bosco"], ["email", "hueystehr@lemke.net"], ["created_at", "2019-02-04 11:21:36.747172"], ["updated_at", "2019-02-04 11:21:36.747172"]]
  ↳ db/seeds.rb:10
  [1m[35m (81.1ms)[0m  [1m[36mcommit transaction[0m
  ↳ db/seeds.rb:10
  [1m[35m (0.1ms)[0m  [1m[36mbegin transaction[0m
  ↳ db/seeds.rb:10
  [1m[36mUser Create (0.3ms)[0m  [1m[32mINSERT INTO "users" ("first_name", "last_name", "email", "created_at", "updated_at") VALUES (?, ?, ?, ?, ?)[0m  [["first_name", "Jovan"], ["last_name", "Bauch"], ["email", "langwhite@howe.net"], ["created_at", "2019-02-04 11:21:36.833258"], ["updated_at", "2019-02-04 11:21:36.833258"]]
  ↳ db/seeds.rb:10
  [1m[35m (74.4ms)[0m  [1m[36mcommit transaction[0m
  ↳ db/seeds.rb:10
  [1m[35m (0.1ms)[0m  [1m[36mbegin transaction[0m
  ↳ db/seeds.rb:10
  [1m[36mUser Create (0.6ms)[0m  [1m[32mINSERT INTO "users" ("first_name", "last_name", "email", "created_at", "updated_at") VALUES (?, ?, ?, ?, ?)[0m  [["first_name", "Major"], ["last_name", "Murray"], ["email", "eusebio@howe.co"], ["created_at", "2019-02-04 11:21:36.911903"], ["updated_at", "2019-02-04 11:21:36.911903"]]
  ↳ db/seeds.rb:10
  [1m[35m (72.3ms)[0m  [1m[36mcommit transaction[0m
  ↳ db/seeds.rb:10
  [1m[35m (0.2ms)[0m  [1m[36mbegin transaction[0m
  ↳ db/seeds.rb:10
  [1m[36mUser Create (0.8ms)[0m  [1m[32mINSERT INTO "users" ("first_name", "last_name", "email", "created_at", "updated_at") VALUES (?, ?, ?, ?, ?)[0m  [["first_name", "Carrol"], ["last_name", "Abernathy"], ["email", "deandrahowell@gaylordhaag.org"], ["created_at", "2019-02-04 11:21:36.991341"], ["updated_at", "2019-02-04 11:21:36.991341"]]
  ↳ db/seeds.rb:10
  [1m[35m (102.5ms)[0m  [1m[36mcommit transaction[0m
  ↳ db/seeds.rb:10
  [1m[35m (0.1ms)[0m  [1m[36mbegin transaction[0m
  ↳ db/seeds.rb:10
  [1m[36mUser Create (0.3ms)[0m  [1m[32mINSERT INTO "users" ("first_name", "last_name", "email", "created_at", "updated_at") VALUES (?, ?, ?, ?, ?)[0m  [["first_name", "Julietta"], ["last_name", "Koelpin"], ["email", "thomas@dooley.biz"], ["created_at", "2019-02-04 11:21:37.099156"], ["updated_at", "2019-02-04 11:21:37.099156"]]
  ↳ db/seeds.rb:10
  [1m[35m (96.5ms)[0m  [1m[36mcommit transaction[0m
  ↳ db/seeds.rb:10
  [1m[35m (0.1ms)[0m  [1m[36mbegin transaction[0m
  ↳ db/seeds.rb:10
  [1m[36mUser Create (0.5ms)[0m  [1m[32mINSERT INTO "users" ("first_name", "last_name", "email", "created_at", "updated_at") VALUES (?, ?, ?, ?, ?)[0m  [["first_name", "Tish"], ["last_name", "Lynch"], ["email", "ardath@olsonbednar.name"], ["created_at", "2019-02-04 11:21:37.212790"], ["updated_at", "2019-02-04 11:21:37.212790"]]
  ↳ db/seeds.rb:10
  [1m[35m (95.6ms)[0m  [1m[36mcommit transaction[0m
  ↳ db/seeds.rb:10
  [1m[36mUser Load (0.5ms)[0m  [1m[34mSELECT  "users".* FROM "users" ORDER BY "users"."id" ASC LIMIT ?[0m  [["LIMIT", 1]]
  [1m[35m (0.2ms)[0m  [1m[36mbegin transaction[0m
  [1m[35m (0.1ms)[0m  [1m[36mcommit transaction[0m
  [1m[35m (0.2ms)[0m  [1m[34mSELECT "schema_migrations"."version" FROM "schema_migrations" ORDER BY "schema_migrations"."version" ASC[0m
  ↳ bin/rails:9
  [1m[35m (0.2ms)[0m  [1m[34mSELECT "schema_migrations"."version" FROM "schema_migrations" ORDER BY "schema_migrations"."version" ASC[0m
  ↳ bin/rails:9
Migrating to CreateCategories (20190204112656)
  [1m[35m (0.1ms)[0m  [1m[36mbegin transaction[0m
  ↳ bin/rails:9
  [1m[35m (0.1ms)[0m  [1m[34mSELECT sqlite_version(*)[0m
  ↳ db/migrate/20190204112656_create_categories.rb:3
  [1m[35m (0.5ms)[0m  [1m[35mCREATE TABLE "categories" ("id" integer PRIMARY KEY AUTOINCREMENT NOT NULL, "name" varchar, "created_at" datetime NOT NULL, "updated_at" datetime NOT NULL)[0m
  ↳ db/migrate/20190204112656_create_categories.rb:3
  [1m[36mActiveRecord::SchemaMigration Create (0.3ms)[0m  [1m[32mINSERT INTO "schema_migrations" ("version") VALUES (?)[0m  [["version", "20190204112656"]]
  ↳ bin/rails:9
  [1m[35m (189.7ms)[0m  [1m[36mcommit transaction[0m
  ↳ bin/rails:9
Migrating to Ajoutreferencearticle (20190204112916)
  [1m[35m (0.2ms)[0m  [1m[34mSELECT "schema_migrations"."version" FROM "schema_migrations" ORDER BY "schema_migrations"."version" ASC[0m
  ↳ bin/rails:9
Migrating to Ajoutreferencearticle (20190204112916)
  [1m[35m (0.1ms)[0m  [1m[36mbegin transaction[0m
  ↳ bin/rails:9
  [1m[35m (0.5ms)[0m  [1m[35mALTER TABLE "articles" ADD "categorie_id" integer[0m
  ↳ db/migrate/20190204112916_ajoutreferencearticle.rb:3
  [1m[35m (0.2ms)[0m  [1m[34mSELECT sqlite_version(*)[0m
  ↳ db/migrate/20190204112916_ajoutreferencearticle.rb:3
  [1m[35m (0.2ms)[0m  [1m[35mCREATE  INDEX "index_articles_on_categorie_id" ON "articles" ("categorie_id")[0m
  ↳ db/migrate/20190204112916_ajoutreferencearticle.rb:3
  [1m[36mActiveRecord::SchemaMigration Create (0.2ms)[0m  [1m[32mINSERT INTO "schema_migrations" ("version") VALUES (?)[0m  [["version", "20190204112916"]]
  ↳ bin/rails:9
  [1m[35m (188.3ms)[0m  [1m[36mcommit transaction[0m
  ↳ bin/rails:9
  [1m[36mActiveRecord::InternalMetadata Load (0.5ms)[0m  [1m[34mSELECT  "ar_internal_metadata".* FROM "ar_internal_metadata" WHERE "ar_internal_metadata"."key" = ? LIMIT ?[0m  [["key", "environment"], ["LIMIT", 1]]
  ↳ bin/rails:9
  [1m[35m (0.1ms)[0m  [1m[36mbegin transaction[0m
  ↳ bin/rails:9
  [1m[35m (0.1ms)[0m  [1m[36mcommit transaction[0m
  ↳ bin/rails:9
  [1m[35m (0.1ms)[0m  [1m[34mSELECT "schema_migrations"."version" FROM "schema_migrations" ORDER BY "schema_migrations"."version" ASC[0m
  ↳ bin/rails:9
  [1m[35m (0.2ms)[0m  [1m[34mSELECT "schema_migrations"."version" FROM "schema_migrations" ORDER BY "schema_migrations"."version" ASC[0m
  ↳ bin/rails:9
  [1m[35m (0.1ms)[0m  [1m[36mbegin transaction[0m
  ↳ db/seeds.rb:13
  [1m[36mCategorie Create (0.4ms)[0m  [1m[32mINSERT INTO "categories" ("name", "created_at", "updated_at") VALUES (?, ?, ?)[0m  [["name", "a"], ["created_at", "2019-02-04 11:57:06.520987"], ["updated_at", "2019-02-04 11:57:06.520987"]]
  ↳ db/seeds.rb:13
  [1m[35m (221.7ms)[0m  [1m[36mcommit transaction[0m
  ↳ db/seeds.rb:13
  [1m[35m (0.2ms)[0m  [1m[36mbegin transaction[0m
  ↳ db/seeds.rb:14
  [1m[36mCategorie Create (0.6ms)[0m  [1m[32mINSERT INTO "categories" ("name", "created_at", "updated_at") VALUES (?, ?, ?)[0m  [["name", "b"], ["created_at", "2019-02-04 11:57:06.746657"], ["updated_at", "2019-02-04 11:57:06.746657"]]
  ↳ db/seeds.rb:14
  [1m[35m (125.6ms)[0m  [1m[36mcommit transaction[0m
  ↳ db/seeds.rb:14
  [1m[35m (0.1ms)[0m  [1m[36mbegin transaction[0m
  ↳ db/seeds.rb:15
  [1m[36mCategorie Create (0.4ms)[0m  [1m[32mINSERT INTO "categories" ("name", "created_at", "updated_at") VALUES (?, ?, ?)[0m  [["name", "c"], ["created_at", "2019-02-04 11:57:06.876254"], ["updated_at", "2019-02-04 11:57:06.876254"]]
  ↳ db/seeds.rb:15
  [1m[35m (118.5ms)[0m  [1m[36mcommit transaction[0m
  ↳ db/seeds.rb:15
  [1m[35m (0.1ms)[0m  [1m[36mbegin transaction[0m
  ↳ db/seeds.rb:16
  [1m[36mCategorie Create (0.4ms)[0m  [1m[32mINSERT INTO "categories" ("name", "created_at", "updated_at") VALUES (?, ?, ?)[0m  [["name", "d"], ["created_at", "2019-02-04 11:57:06.997701"], ["updated_at", "2019-02-04 11:57:06.997701"]]
  ↳ db/seeds.rb:16
  [1m[35m (130.9ms)[0m  [1m[36mcommit transaction[0m
  ↳ db/seeds.rb:16
  [1m[35m (0.1ms)[0m  [1m[36mbegin transaction[0m
  ↳ db/seeds.rb:17
  [1m[36mCategorie Create (0.4ms)[0m  [1m[32mINSERT INTO "categories" ("name", "created_at", "updated_at") VALUES (?, ?, ?)[0m  [["name", "e"], ["created_at", "2019-02-04 11:57:07.131402"], ["updated_at", "2019-02-04 11:57:07.131402"]]
  ↳ db/seeds.rb:17
  [1m[35m (96.9ms)[0m  [1m[36mcommit transaction[0m
  ↳ db/seeds.rb:17
  [1m[35m (0.1ms)[0m  [1m[36mbegin transaction[0m
  ↳ db/seeds.rb:19
  [1m[35m (0.1ms)[0m  [1m[31mrollback transaction[0m
  ↳ db/seeds.rb:19
  [1m[35m (0.2ms)[0m  [1m[34mSELECT "schema_migrations"."version" FROM "schema_migrations" ORDER BY "schema_migrations"."version" ASC[0m
  ↳ bin/rails:9
  [1m[35m (0.1ms)[0m  [1m[36mbegin transaction[0m
  ↳ db/seeds.rb:20
  [1m[35m (0.1ms)[0m  [1m[31mrollback transaction[0m
  ↳ db/seeds.rb:20
  [1m[35m (0.2ms)[0m  [1m[34mSELECT "schema_migrations"."version" FROM "schema_migrations" ORDER BY "schema_migrations"."version" ASC[0m
  ↳ bin/rails:9
  [1m[36mCategorie Load (0.2ms)[0m  [1m[34mSELECT  "categories".* FROM "categories" WHERE "categories"."id" = ? LIMIT ?[0m  [["id", 2], ["LIMIT", 1]]
  ↳ db/seeds.rb:21
  [1m[36mUser Load (0.2ms)[0m  [1m[34mSELECT  "users".* FROM "users" WHERE "users"."id" = ? LIMIT ?[0m  [["id", 3], ["LIMIT", 1]]
  ↳ db/seeds.rb:22
  [1m[35m (0.2ms)[0m  [1m[34mSELECT "schema_migrations"."version" FROM "schema_migrations" ORDER BY "schema_migrations"."version" ASC[0m
  ↳ bin/rails:9
  [1m[36mCategorie Load (0.2ms)[0m  [1m[34mSELECT  "categories".* FROM "categories" WHERE "categories"."id" = ? LIMIT ?[0m  [["id", 2], ["LIMIT", 1]]
  ↳ db/seeds.rb:21
  [1m[36mUser Load (0.2ms)[0m  [1m[34mSELECT  "users".* FROM "users" WHERE "users"."id" = ? LIMIT ?[0m  [["id", 3], ["LIMIT", 1]]
  ↳ db/seeds.rb:22
  [1m[35m (0.1ms)[0m  [1m[36mbegin transaction[0m
  ↳ db/seeds.rb:25
  [1m[36mArticle Create (0.5ms)[0m  [1m[32mINSERT INTO "articles" ("title", "content", "user_id", "created_at", "updated_at", "categorie_id") VALUES (?, ?, ?, ?, ?, ?)[0m  [["title", "Lilies of the Field"], ["content", "28-day aged 300g USDA Certified Prime Ribeye, rosemary-thyme garlic butter, with choice of two sides."], ["user_id", 3], ["created_at", "2019-02-04 12:09:32.452353"], ["updated_at", "2019-02-04 12:09:32.452353"], ["categorie_id", 2]]
  ↳ db/seeds.rb:25
  [1m[35m (183.4ms)[0m  [1m[36mcommit transaction[0m
  ↳ db/seeds.rb:25
  [1m[36mCategorie Load (0.2ms)[0m  [1m[34mSELECT  "categories".* FROM "categories" WHERE "categories"."id" = ? LIMIT ?[0m  [["id", 2], ["LIMIT", 1]]
  ↳ db/seeds.rb:21
  [1m[36mUser Load (0.1ms)[0m  [1m[34mSELECT  "users".* FROM "users" WHERE "users"."id" = ? LIMIT ?[0m  [["id", 3], ["LIMIT", 1]]
  ↳ db/seeds.rb:22
  [1m[35m (0.1ms)[0m  [1m[36mbegin transaction[0m
  ↳ db/seeds.rb:25
  [1m[36mArticle Create (0.4ms)[0m  [1m[32mINSERT INTO "articles" ("title", "content", "user_id", "created_at", "updated_at", "categorie_id") VALUES (?, ?, ?, ?, ?, ?)[0m  [["title", "The Waste Land"], ["content", "Smoked salmon, poached eggs, diced red onions and Hollandaise sauce on an English muffin. With a side of roasted potatoes."], ["user_id", 3], ["created_at", "2019-02-04 12:09:32.640944"], ["updated_at", "2019-02-04 12:09:32.640944"], ["categorie_id", 2]]
  ↳ db/seeds.rb:25
  [1m[35m (95.1ms)[0m  [1m[36mcommit transaction[0m
  ↳ db/seeds.rb:25
  [1m[36mCategorie Load (0.1ms)[0m  [1m[34mSELECT  "categories".* FROM "categories" WHERE "categories"."id" = ? LIMIT ?[0m  [["id", 2], ["LIMIT", 1]]
  ↳ db/seeds.rb:21
  [1m[36mUser Load (0.1ms)[0m  [1m[34mSELECT  "users".* FROM "users" WHERE "users"."id" = ? LIMIT ?[0m  [["id", 3], ["LIMIT", 1]]
  ↳ db/seeds.rb:22
  [1m[35m (0.1ms)[0m  [1m[36mbegin transaction[0m
  ↳ db/seeds.rb:25
  [1m[36mArticle Create (0.4ms)[0m  [1m[32mINSERT INTO "articles" ("title", "content", "user_id", "created_at", "updated_at", "categorie_id") VALUES (?, ?, ?, ?, ?, ?)[0m  [["title", "No Highway"], ["content", "Smoked salmon, poached eggs, diced red onions and Hollandaise sauce on an English muffin. With a side of roasted potatoes."], ["user_id", 3], ["created_at", "2019-02-04 12:09:32.740598"], ["updated_at", "2019-02-04 12:09:32.740598"], ["categorie_id", 2]]
  ↳ db/seeds.rb:25
  [1m[35m (93.7ms)[0m  [1m[36mcommit transaction[0m
  ↳ db/seeds.rb:25
  [1m[36mCategorie Load (0.2ms)[0m  [1m[34mSELECT  "categories".* FROM "categories" WHERE "categories"."id" = ? LIMIT ?[0m  [["id", 2], ["LIMIT", 1]]
  ↳ db/seeds.rb:21
  [1m[36mUser Load (0.1ms)[0m  [1m[34mSELECT  "users".* FROM "users" WHERE "users"."id" = ? LIMIT ?[0m  [["id", 3], ["LIMIT", 1]]
  ↳ db/seeds.rb:22
  [1m[35m (0.1ms)[0m  [1m[36mbegin transaction[0m
  ↳ db/seeds.rb:25
  [1m[36mArticle Create (0.4ms)[0m  [1m[32mINSERT INTO "articles" ("title", "content", "user_id", "created_at", "updated_at", "categorie_id") VALUES (?, ?, ?, ?, ?, ?)[0m  [["title", "The Far-Distant Oxus"], ["content", "Three egg omelet with Roquefort cheese, chives, and ham. With a side of roasted potatoes, and your choice of toast or croissant."], ["user_id", 3], ["created_at", "2019-02-04 12:09:32.839072"], ["updated_at", "2019-02-04 12:09:32.839072"], ["categorie_id", 2]]
  ↳ db/seeds.rb:25
  [1m[35m (95.0ms)[0m  [1m[36mcommit transaction[0m
  ↳ db/seeds.rb:25
  [1m[36mCategorie Load (0.2ms)[0m  [1m[34mSELECT  "categories".* FROM "categories" WHERE "categories"."id" = ? LIMIT ?[0m  [["id", 2], ["LIMIT", 1]]
  ↳ db/seeds.rb:21
  [1m[36mUser Load (0.1ms)[0m  [1m[34mSELECT  "users".* FROM "users" WHERE "users"."id" = ? LIMIT ?[0m  [["id", 3], ["LIMIT", 1]]
  ↳ db/seeds.rb:22
  [1m[35m (0.1ms)[0m  [1m[36mbegin transaction[0m
  ↳ db/seeds.rb:25
  [1m[36mArticle Create (0.4ms)[0m  [1m[32mINSERT INTO "articles" ("title", "content", "user_id", "created_at", "updated_at", "categorie_id") VALUES (?, ?, ?, ?, ?, ?)[0m  [["title", "Blood's a Rover"], ["content", "Fresh Norwegian salmon, lightly brushed with our herbed Dijon mustard sauce, with choice of two sides."], ["user_id", 3], ["created_at", "2019-02-04 12:09:32.938955"], ["updated_at", "2019-02-04 12:09:32.938955"], ["categorie_id", 2]]
  ↳ db/seeds.rb:25
  [1m[35m (83.6ms)[0m  [1m[36mcommit transaction[0m
  ↳ db/seeds.rb:25
  [1m[36mCategorie Load (0.2ms)[0m  [1m[34mSELECT  "categories".* FROM "categories" WHERE "categories"."id" = ? LIMIT ?[0m  [["id", 2], ["LIMIT", 1]]
  ↳ db/seeds.rb:21
  [1m[36mUser Load (0.1ms)[0m  [1m[34mSELECT  "users".* FROM "users" WHERE "users"."id" = ? LIMIT ?[0m  [["id", 3], ["LIMIT", 1]]
  ↳ db/seeds.rb:22
  [1m[35m (0.1ms)[0m  [1m[36mbegin transaction[0m
  ↳ db/seeds.rb:25
  [1m[36mArticle Create (0.4ms)[0m  [1m[32mINSERT INTO "articles" ("title", "content", "user_id", "created_at", "updated_at", "categorie_id") VALUES (?, ?, ?, ?, ?, ?)[0m  [["title", "As I Lay Dying"], ["content", "Three egg omelet with Roquefort cheese, chives, and ham. With a side of roasted potatoes, and your choice of toast or croissant."], ["user_id", 3], ["created_at", "2019-02-04 12:09:33.027031"], ["updated_at", "2019-02-04 12:09:33.027031"], ["categorie_id", 2]]
  ↳ db/seeds.rb:25
  [1m[35m (106.7ms)[0m  [1m[36mcommit transaction[0m
  ↳ db/seeds.rb:25
  [1m[36mCategorie Load (0.2ms)[0m  [1m[34mSELECT  "categories".* FROM "categories" WHERE "categories"."id" = ? LIMIT ?[0m  [["id", 2], ["LIMIT", 1]]
  ↳ db/seeds.rb:21
  [1m[36mUser Load (0.2ms)[0m  [1m[34mSELECT  "users".* FROM "users" WHERE "users"."id" = ? LIMIT ?[0m  [["id", 3], ["LIMIT", 1]]
  ↳ db/seeds.rb:22
  [1m[35m (0.1ms)[0m  [1m[36mbegin transaction[0m
  ↳ db/seeds.rb:25
  [1m[36mArticle Create (0.4ms)[0m  [1m[32mINSERT INTO "articles" ("title", "content", "user_id", "created_at", "updated_at", "categorie_id") VALUES (?, ?, ?, ?, ?, ?)[0m  [["title", "Have His Carcase"], ["content", "Breaded fried chicken with waffles. Served with maple syrup."], ["user_id", 3], ["created_at", "2019-02-04 12:09:33.139668"], ["updated_at", "2019-02-04 12:09:33.139668"], ["categorie_id", 2]]
  ↳ db/seeds.rb:25
  [1m[35m (82.8ms)[0m  [1m[36mcommit transaction[0m
  ↳ db/seeds.rb:25
  [1m[36mCategorie Load (0.2ms)[0m  [1m[34mSELECT  "categories".* FROM "categories" WHERE "categories"."id" = ? LIMIT ?[0m  [["id", 2], ["LIMIT", 1]]
  ↳ db/seeds.rb:21
  [1m[36mUser Load (0.1ms)[0m  [1m[34mSELECT  "users".* FROM "users" WHERE "users"."id" = ? LIMIT ?[0m  [["id", 3], ["LIMIT", 1]]
  ↳ db/seeds.rb:22
  [1m[35m (0.1ms)[0m  [1m[36mbegin transaction[0m
  ↳ db/seeds.rb:25
  [1m[36mArticle Create (0.3ms)[0m  [1m[32mINSERT INTO "articles" ("title", "content", "user_id", "created_at", "updated_at", "categorie_id") VALUES (?, ?, ?, ?, ?, ?)[0m  [["title", "Recalled to Life"], ["content", "Three egg omelet with Roquefort cheese, chives, and ham. With a side of roasted potatoes, and your choice of toast or croissant."], ["user_id", 3], ["created_at", "2019-02-04 12:09:33.227132"], ["updated_at", "2019-02-04 12:09:33.227132"], ["categorie_id", 2]]
  ↳ db/seeds.rb:25
  [1m[35m (95.2ms)[0m  [1m[36mcommit transaction[0m
  ↳ db/seeds.rb:25
  [1m[36mCategorie Load (0.2ms)[0m  [1m[34mSELECT  "categories".* FROM "categories" WHERE "categories"."id" = ? LIMIT ?[0m  [["id", 2], ["LIMIT", 1]]
  ↳ db/seeds.rb:21
  [1m[36mUser Load (0.1ms)[0m  [1m[34mSELECT  "users".* FROM "users" WHERE "users"."id" = ? LIMIT ?[0m  [["id", 3], ["LIMIT", 1]]
  ↳ db/seeds.rb:22
  [1m[35m (0.1ms)[0m  [1m[36mbegin transaction[0m
  ↳ db/seeds.rb:25
  [1m[36mArticle Create (0.5ms)[0m  [1m[32mINSERT INTO "articles" ("title", "content", "user_id", "created_at", "updated_at", "categorie_id") VALUES (?, ?, ?, ?, ?, ?)[0m  [["title", "The Needle's Eye"], ["content", "Creamy mascarpone cheese and custard layered between espresso and rum soaked house-made ladyfingers, topped with Valrhona cocoa powder."], ["user_id", 3], ["created_at", "2019-02-04 12:09:33.327428"], ["updated_at", "2019-02-04 12:09:33.327428"], ["categorie_id", 2]]
  ↳ db/seeds.rb:25
  [1m[35m (109.8ms)[0m  [1m[36mcommit transaction[0m
  ↳ db/seeds.rb:25
  [1m[36mCategorie Load (0.2ms)[0m  [1m[34mSELECT  "categories".* FROM "categories" WHERE "categories"."id" = ? LIMIT ?[0m  [["id", 2], ["LIMIT", 1]]
  ↳ db/seeds.rb:21
  [1m[36mUser Load (0.2ms)[0m  [1m[34mSELECT  "users".* FROM "users" WHERE "users"."id" = ? LIMIT ?[0m  [["id", 3], ["LIMIT", 1]]
  ↳ db/seeds.rb:22
  [1m[35m (0.1ms)[0m  [1m[36mbegin transaction[0m
  ↳ db/seeds.rb:25
  [1m[36mArticle Create (0.5ms)[0m  [1m[32mINSERT INTO "articles" ("title", "content", "user_id", "created_at", "updated_at", "categorie_id") VALUES (?, ?, ?, ?, ?, ?)[0m  [["title", "Number the Stars"], ["content", "Granny Smith apples mixed with brown sugar and butter filling, in a flaky all-butter crust, with ice cream."], ["user_id", 3], ["created_at", "2019-02-04 12:09:33.444157"], ["updated_at", "2019-02-04 12:09:33.444157"], ["categorie_id", 2]]
  ↳ db/seeds.rb:25
  [1m[35m (234.9ms)[0m  [1m[36mcommit transaction[0m
  ↳ db/seeds.rb:25
  [1m[36mArticle Load (0.8ms)[0m  [1m[34mSELECT "articles".* FROM "articles"[0m
  [1m[35m (0.2ms)[0m  [1m[34mSELECT "schema_migrations"."version" FROM "schema_migrations" ORDER BY "schema_migrations"."version" ASC[0m
  ↳ bin/rails:9
Migrating to CreateCommentaires (20190204122002)
  [1m[35m (0.1ms)[0m  [1m[36mbegin transaction[0m
  ↳ bin/rails:9
  [1m[35m (0.2ms)[0m  [1m[34mSELECT sqlite_version(*)[0m
  ↳ db/migrate/20190204122002_create_commentaires.rb:3
  [1m[35m (0.5ms)[0m  [1m[35mCREATE TABLE "commentaires" ("id" integer PRIMARY KEY AUTOINCREMENT NOT NULL, "content" text, "created_at" datetime NOT NULL, "updated_at" datetime NOT NULL)[0m
  ↳ db/migrate/20190204122002_create_commentaires.rb:3
  [1m[36mActiveRecord::SchemaMigration Create (0.3ms)[0m  [1m[32mINSERT INTO "schema_migrations" ("version") VALUES (?)[0m  [["version", "20190204122002"]]
  ↳ bin/rails:9
  [1m[35m (228.7ms)[0m  [1m[36mcommit transaction[0m
  ↳ bin/rails:9
  [1m[36mActiveRecord::InternalMetadata Load (0.2ms)[0m  [1m[34mSELECT  "ar_internal_metadata".* FROM "ar_internal_metadata" WHERE "ar_internal_metadata"."key" = ? LIMIT ?[0m  [["key", "environment"], ["LIMIT", 1]]
  ↳ bin/rails:9
  [1m[35m (0.1ms)[0m  [1m[36mbegin transaction[0m
  ↳ bin/rails:9
  [1m[35m (0.1ms)[0m  [1m[36mcommit transaction[0m
  ↳ bin/rails:9
  [1m[35m (0.2ms)[0m  [1m[34mSELECT "schema_migrations"."version" FROM "schema_migrations" ORDER BY "schema_migrations"."version" ASC[0m
  ↳ bin/rails:9
  [1m[35m (0.1ms)[0m  [1m[36mbegin transaction[0m
  [1m[35m (0.1ms)[0m  [1m[31mrollback transaction[0m
  [1m[36mArticle Load (0.4ms)[0m  [1m[34mSELECT  "articles".* FROM "articles" WHERE "articles"."id" = ? LIMIT ?[0m  [["id", 1], ["LIMIT", 1]]
  [1m[35m (0.2ms)[0m  [1m[34mSELECT "schema_migrations"."version" FROM "schema_migrations" ORDER BY "schema_migrations"."version" ASC[0m
  ↳ bin/rails:9
Migrating to ReferenceArtUser (20190204123538)
  [1m[35m (0.1ms)[0m  [1m[36mbegin transaction[0m
  ↳ bin/rails:9
  [1m[35m (0.5ms)[0m  [1m[35mALTER TABLE "commentaires" ADD "article_id" integer[0m
  ↳ db/migrate/20190204123538_reference_art_user.rb:3
  [1m[35m (0.1ms)[0m  [1m[34mSELECT sqlite_version(*)[0m
  ↳ db/migrate/20190204123538_reference_art_user.rb:3
  [1m[35m (0.2ms)[0m  [1m[35mCREATE  INDEX "index_commentaires_on_article_id" ON "commentaires" ("article_id")[0m
  ↳ db/migrate/20190204123538_reference_art_user.rb:3
  [1m[35m (0.2ms)[0m  [1m[35mALTER TABLE "commentaires" ADD "user_id" integer[0m
  ↳ db/migrate/20190204123538_reference_art_user.rb:4
  [1m[35m (0.2ms)[0m  [1m[35mCREATE  INDEX "index_commentaires_on_user_id" ON "commentaires" ("user_id")[0m
  ↳ db/migrate/20190204123538_reference_art_user.rb:4
  [1m[36mActiveRecord::SchemaMigration Create (0.3ms)[0m  [1m[32mINSERT INTO "schema_migrations" ("version") VALUES (?)[0m  [["version", "20190204123538"]]
  ↳ bin/rails:9
  [1m[35m (310.9ms)[0m  [1m[36mcommit transaction[0m
  ↳ bin/rails:9
  [1m[36mActiveRecord::InternalMetadata Load (0.5ms)[0m  [1m[34mSELECT  "ar_internal_metadata".* FROM "ar_internal_metadata" WHERE "ar_internal_metadata"."key" = ? LIMIT ?[0m  [["key", "environment"], ["LIMIT", 1]]
  ↳ bin/rails:9
  [1m[35m (0.1ms)[0m  [1m[36mbegin transaction[0m
  ↳ bin/rails:9
  [1m[35m (0.1ms)[0m  [1m[36mcommit transaction[0m
  ↳ bin/rails:9
  [1m[35m (0.2ms)[0m  [1m[34mSELECT "schema_migrations"."version" FROM "schema_migrations" ORDER BY "schema_migrations"."version" ASC[0m
  ↳ bin/rails:9
  [1m[36mArticle Load (0.3ms)[0m  [1m[34mSELECT  "articles".* FROM "articles" WHERE "articles"."id" = ? LIMIT ?[0m  [["id", 1], ["LIMIT", 1]]
  [1m[36mUser Load (0.2ms)[0m  [1m[34mSELECT  "users".* FROM "users" WHERE "users"."id" = ? LIMIT ?[0m  [["id", 1], ["LIMIT", 1]]
  [1m[35m (0.2ms)[0m  [1m[36mbegin transaction[0m
  [1m[36mCommentaire Create (0.7ms)[0m  [1m[32mINSERT INTO "commentaires" ("content", "created_at", "updated_at", "article_id", "user_id") VALUES (?, ?, ?, ?, ?)[0m  [["content", "allons_y"], ["created_at", "2019-02-04 12:40:48.831927"], ["updated_at", "2019-02-04 12:40:48.831927"], ["article_id", 1], ["user_id", 1]]
  [1m[35m (187.7ms)[0m  [1m[36mcommit transaction[0m
  [1m[35m (0.2ms)[0m  [1m[34mSELECT "schema_migrations"."version" FROM "schema_migrations" ORDER BY "schema_migrations"."version" ASC[0m
  ↳ bin/rails:9
  [1m[36mCategorie Load (0.2ms)[0m  [1m[34mSELECT  "categories".* FROM "categories" WHERE "categories"."id" = ? LIMIT ?[0m  [["id", 2], ["LIMIT", 1]]
  ↳ db/seeds.rb:23
  [1m[36mUser Load (0.2ms)[0m  [1m[34mSELECT  "users".* FROM "users" WHERE "users"."id" = ? LIMIT ?[0m  [["id", 3], ["LIMIT", 1]]
  ↳ db/seeds.rb:24
  [1m[35m (0.1ms)[0m  [1m[36mbegin transaction[0m
  ↳ db/seeds.rb:29
  [1m[36mArticle Create (0.7ms)[0m  [1m[32mINSERT INTO "articles" ("title", "content", "user_id", "created_at", "updated_at", "categorie_id") VALUES (?, ?, ?, ?, ?, ?)[0m  [["title", "Time of our Darkness"], ["content", "28-day aged 300g USDA Certified Prime Ribeye, rosemary-thyme garlic butter, with choice of two sides."], ["user_id", 3], ["created_at", "2019-02-04 13:03:59.440692"], ["updated_at", "2019-02-04 13:03:59.440692"], ["categorie_id", 2]]
  ↳ db/seeds.rb:29
  [1m[35m (98.3ms)[0m  [1m[36mcommit transaction[0m
  ↳ db/seeds.rb:29
  [1m[36mCategorie Load (0.2ms)[0m  [1m[34mSELECT  "categories".* FROM "categories" WHERE "categories"."id" = ? LIMIT ?[0m  [["id", 2], ["LIMIT", 1]]
  ↳ db/seeds.rb:23
  [1m[36mUser Load (0.2ms)[0m  [1m[34mSELECT  "users".* FROM "users" WHERE "users"."id" = ? LIMIT ?[0m  [["id", 3], ["LIMIT", 1]]
  ↳ db/seeds.rb:24
  [1m[35m (0.1ms)[0m  [1m[36mbegin transaction[0m
  ↳ db/seeds.rb:29
  [1m[36mArticle Create (0.5ms)[0m  [1m[32mINSERT INTO "articles" ("title", "content", "user_id", "created_at", "updated_at", "categorie_id") VALUES (?, ?, ?, ?, ?, ?)[0m  [["title", "Dying of the Light"], ["content", "Fresh parsley, Italian sausage, shallots, garlic, sun-dried tomatoes and mozzarella cheese in an all-butter crust. With a side of mixed fruits."], ["user_id", 3], ["created_at", "2019-02-04 13:03:59.547783"], ["updated_at", "2019-02-04 13:03:59.547783"], ["categorie_id", 2]]
  ↳ db/seeds.rb:29
  [1m[35m (102.8ms)[0m  [1m[36mcommit transaction[0m
  ↳ db/seeds.rb:29
  [1m[36mCategorie Load (0.4ms)[0m  [1m[34mSELECT  "categories".* FROM "categories" WHERE "categories"."id" = ? LIMIT ?[0m  [["id", 2], ["LIMIT", 1]]
  ↳ db/seeds.rb:23
  [1m[36mUser Load (0.4ms)[0m  [1m[34mSELECT  "users".* FROM "users" WHERE "users"."id" = ? LIMIT ?[0m  [["id", 3], ["LIMIT", 1]]
  ↳ db/seeds.rb:24
  [1m[35m (0.2ms)[0m  [1m[36mbegin transaction[0m
  ↳ db/seeds.rb:29
  [1m[36mArticle Create (0.5ms)[0m  [1m[32mINSERT INTO "articles" ("title", "content", "user_id", "created_at", "updated_at", "categorie_id") VALUES (?, ?, ?, ?, ?, ?)[0m  [["title", "The Road Less Traveled"], ["content", "Three eggs with cilantro, tomatoes, onions, avocados and melted Emmental cheese. With a side of roasted potatoes, and your choice of toast or croissant."], ["user_id", 3], ["created_at", "2019-02-04 13:03:59.666773"], ["updated_at", "2019-02-04 13:03:59.666773"], ["categorie_id", 2]]
  ↳ db/seeds.rb:29
  [1m[35m (104.2ms)[0m  [1m[36mcommit transaction[0m
  ↳ db/seeds.rb:29
  [1m[36mCategorie Load (0.3ms)[0m  [1m[34mSELECT  "categories".* FROM "categories" WHERE "categories"."id" = ? LIMIT ?[0m  [["id", 2], ["LIMIT", 1]]
  ↳ db/seeds.rb:23
  [1m[36mUser Load (0.4ms)[0m  [1m[34mSELECT  "users".* FROM "users" WHERE "users"."id" = ? LIMIT ?[0m  [["id", 3], ["LIMIT", 1]]
  ↳ db/seeds.rb:24
  [1m[35m (0.1ms)[0m  [1m[36mbegin transaction[0m
  ↳ db/seeds.rb:29
  [1m[36mArticle Create (0.7ms)[0m  [1m[32mINSERT INTO "articles" ("title", "content", "user_id", "created_at", "updated_at", "categorie_id") VALUES (?, ?, ?, ?, ?, ?)[0m  [["title", "The Skull Beneath the Skin"], ["content", "Fresh parsley, Italian sausage, shallots, garlic, sun-dried tomatoes and mozzarella cheese in an all-butter crust. With a side of mixed fruits."], ["user_id", 3], ["created_at", "2019-02-04 13:03:59.782002"], ["updated_at", "2019-02-04 13:03:59.782002"], ["categorie_id", 2]]
  ↳ db/seeds.rb:29
  [1m[35m (111.7ms)[0m  [1m[36mcommit transaction[0m
  ↳ db/seeds.rb:29
  [1m[36mCategorie Load (0.3ms)[0m  [1m[34mSELECT  "categories".* FROM "categories" WHERE "categories"."id" = ? LIMIT ?[0m  [["id", 2], ["LIMIT", 1]]
  ↳ db/seeds.rb:23
  [1m[36mUser Load (0.1ms)[0m  [1m[34mSELECT  "users".* FROM "users" WHERE "users"."id" = ? LIMIT ?[0m  [["id", 3], ["LIMIT", 1]]
  ↳ db/seeds.rb:24
  [1m[35m (0.1ms)[0m  [1m[36mbegin transaction[0m
  ↳ db/seeds.rb:29
  [1m[36mArticle Create (1.7ms)[0m  [1m[32mINSERT INTO "articles" ("title", "content", "user_id", "created_at", "updated_at", "categorie_id") VALUES (?, ?, ?, ?, ?, ?)[0m  [["title", "Blue Remembered Earth"], ["content", "Breaded fried chicken with waffles. Served with maple syrup."], ["user_id", 3], ["created_at", "2019-02-04 13:03:59.902978"], ["updated_at", "2019-02-04 13:03:59.902978"], ["categorie_id", 2]]
  ↳ db/seeds.rb:29
  [1m[35m (123.2ms)[0m  [1m[36mcommit transaction[0m
  ↳ db/seeds.rb:29
  [1m[36mCategorie Load (0.2ms)[0m  [1m[34mSELECT  "categories".* FROM "categories" WHERE "categories"."id" = ? LIMIT ?[0m  [["id", 2], ["LIMIT", 1]]
  ↳ db/seeds.rb:23
  [1m[36mUser Load (0.1ms)[0m  [1m[34mSELECT  "users".* FROM "users" WHERE "users"."id" = ? LIMIT ?[0m  [["id", 3], ["LIMIT", 1]]
  ↳ db/seeds.rb:24
  [1m[35m (0.1ms)[0m  [1m[36mbegin transaction[0m
  ↳ db/seeds.rb:29
  [1m[36mArticle Create (0.7ms)[0m  [1m[32mINSERT INTO "articles" ("title", "content", "user_id", "created_at", "updated_at", "categorie_id") VALUES (?, ?, ?, ?, ?, ?)[0m  [["title", "The Proper Study"], ["content", "Three egg whites with spinach, mushrooms, caramelized onions, tomatoes and low-fat feta cheese. With herbed quinoa, and your choice of rye or whole-grain toast."], ["user_id", 3], ["created_at", "2019-02-04 13:04:00.035017"], ["updated_at", "2019-02-04 13:04:00.035017"], ["categorie_id", 2]]
  ↳ db/seeds.rb:29
  [1m[35m (93.9ms)[0m  [1m[36mcommit transaction[0m
  ↳ db/seeds.rb:29
  [1m[36mCategorie Load (0.4ms)[0m  [1m[34mSELECT  "categories".* FROM "categories" WHERE "categories"."id" = ? LIMIT ?[0m  [["id", 2], ["LIMIT", 1]]
  ↳ db/seeds.rb:23
  [1m[36mUser Load (0.2ms)[0m  [1m[34mSELECT  "users".* FROM "users" WHERE "users"."id" = ? LIMIT ?[0m  [["id", 3], ["LIMIT", 1]]
  ↳ db/seeds.rb:24
  [1m[35m (0.1ms)[0m  [1m[36mbegin transaction[0m
  ↳ db/seeds.rb:29
  [1m[36mArticle Create (1.4ms)[0m  [1m[32mINSERT INTO "articles" ("title", "content", "user_id", "created_at", "updated_at", "categorie_id") VALUES (?, ?, ?, ?, ?, ?)[0m  [["title", "That Good Night"], ["content", "Two buttermilk waffles, topped with whipped cream and maple syrup, a side of two eggs served any style, and your choice of smoked bacon or smoked ham."], ["user_id", 3], ["created_at", "2019-02-04 13:04:00.137734"], ["updated_at", "2019-02-04 13:04:00.137734"], ["categorie_id", 2]]
  ↳ db/seeds.rb:29
  [1m[35m (87.8ms)[0m  [1m[36mcommit transaction[0m
  ↳ db/seeds.rb:29
  [1m[36mCategorie Load (0.2ms)[0m  [1m[34mSELECT  "categories".* FROM "categories" WHERE "categories"."id" = ? LIMIT ?[0m  [["id", 2], ["LIMIT", 1]]
  ↳ db/seeds.rb:23
  [1m[36mUser Load (0.1ms)[0m  [1m[34mSELECT  "users".* FROM "users" WHERE "users"."id" = ? LIMIT ?[0m  [["id", 3], ["LIMIT", 1]]
  ↳ db/seeds.rb:24
  [1m[35m (0.1ms)[0m  [1m[36mbegin transaction[0m
  ↳ db/seeds.rb:29
  [1m[36mArticle Create (0.4ms)[0m  [1m[32mINSERT INTO "articles" ("title", "content", "user_id", "created_at", "updated_at", "categorie_id") VALUES (?, ?, ?, ?, ?, ?)[0m  [["title", "Many Waters"], ["content", "Fresh Norwegian salmon, lightly brushed with our herbed Dijon mustard sauce, with choice of two sides."], ["user_id", 3], ["created_at", "2019-02-04 13:04:00.233370"], ["updated_at", "2019-02-04 13:04:00.233370"], ["categorie_id", 2]]
  ↳ db/seeds.rb:29
  [1m[35m (93.8ms)[0m  [1m[36mcommit transaction[0m
  ↳ db/seeds.rb:29
  [1m[36mCategorie Load (0.3ms)[0m  [1m[34mSELECT  "categories".* FROM "categories" WHERE "categories"."id" = ? LIMIT ?[0m  [["id", 2], ["LIMIT", 1]]
  ↳ db/seeds.rb:23
  [1m[36mUser Load (0.2ms)[0m  [1m[34mSELECT  "users".* FROM "users" WHERE "users"."id" = ? LIMIT ?[0m  [["id", 3], ["LIMIT", 1]]
  ↳ db/seeds.rb:24
  [1m[35m (0.1ms)[0m  [1m[36mbegin transaction[0m
  ↳ db/seeds.rb:29
  [1m[36mArticle Create (0.7ms)[0m  [1m[32mINSERT INTO "articles" ("title", "content", "user_id", "created_at", "updated_at", "categorie_id") VALUES (?, ?, ?, ?, ?, ?)[0m  [["title", "The Wives of Bath"], ["content", "Breaded fried chicken with waffles. Served with maple syrup."], ["user_id", 3], ["created_at", "2019-02-04 13:04:00.335644"], ["updated_at", "2019-02-04 13:04:00.335644"], ["categorie_id", 2]]
  ↳ db/seeds.rb:29
  [1m[35m (90.4ms)[0m  [1m[36mcommit transaction[0m
  ↳ db/seeds.rb:29
  [1m[36mCategorie Load (0.2ms)[0m  [1m[34mSELECT  "categories".* FROM "categories" WHERE "categories"."id" = ? LIMIT ?[0m  [["id", 2], ["LIMIT", 1]]
  ↳ db/seeds.rb:23
  [1m[36mUser Load (0.2ms)[0m  [1m[34mSELECT  "users".* FROM "users" WHERE "users"."id" = ? LIMIT ?[0m  [["id", 3], ["LIMIT", 1]]
  ↳ db/seeds.rb:24
  [1m[35m (0.1ms)[0m  [1m[36mbegin transaction[0m
  ↳ db/seeds.rb:29
  [1m[36mArticle Create (0.7ms)[0m  [1m[32mINSERT INTO "articles" ("title", "content", "user_id", "created_at", "updated_at", "categorie_id") VALUES (?, ?, ?, ?, ?, ?)[0m  [["title", "Precious Bane"], ["content", "Granny Smith apples mixed with brown sugar and butter filling, in a flaky all-butter crust, with ice cream."], ["user_id", 3], ["created_at", "2019-02-04 13:04:00.436677"], ["updated_at", "2019-02-04 13:04:00.436677"], ["categorie_id", 2]]
  ↳ db/seeds.rb:29
  [1m[35m (122.9ms)[0m  [1m[36mcommit transaction[0m
  ↳ db/seeds.rb:29
  [1m[36mArticle Load (0.2ms)[0m  [1m[34mSELECT  "articles".* FROM "articles" WHERE "articles"."id" = ? LIMIT ?[0m  [["id", 2], ["LIMIT", 1]]
  ↳ db/seeds.rb:39
  [1m[36mUser Load (0.1ms)[0m  [1m[34mSELECT  "users".* FROM "users" WHERE "users"."id" = ? LIMIT ?[0m  [["id", 1], ["LIMIT", 1]]
  ↳ db/seeds.rb:40
  [1m[35m (0.1ms)[0m  [1m[36mbegin transaction[0m
  ↳ db/seeds.rb:50
  [1m[36mCommentaire Create (0.4ms)[0m  [1m[32mINSERT INTO "commentaires" ("content", "created_at", "updated_at", "article_id", "user_id") VALUES (?, ?, ?, ?, ?)[0m  [["content", "Two buttermilk waffles, topped with whipped cream and maple syrup, a side of two eggs served any style, and your choice of smoked bacon or smoked ham."], ["created_at", "2019-02-04 13:04:00.583840"], ["updated_at", "2019-02-04 13:04:00.583840"], ["article_id", 2], ["user_id", 1]]
  ↳ db/seeds.rb:50
  [1m[35m (141.0ms)[0m  [1m[36mcommit transaction[0m
  ↳ db/seeds.rb:50
  [1m[36mArticle Load (0.2ms)[0m  [1m[34mSELECT  "articles".* FROM "articles" WHERE "articles"."id" = ? LIMIT ?[0m  [["id", 3], ["LIMIT", 1]]
  ↳ db/seeds.rb:39
  [1m[36mUser Load (0.1ms)[0m  [1m[34mSELECT  "users".* FROM "users" WHERE "users"."id" = ? LIMIT ?[0m  [["id", 1], ["LIMIT", 1]]
  ↳ db/seeds.rb:40
  [1m[35m (0.1ms)[0m  [1m[36mbegin transaction[0m
  ↳ db/seeds.rb:50
  [1m[36mCommentaire Create (0.7ms)[0m  [1m[32mINSERT INTO "commentaires" ("content", "created_at", "updated_at", "article_id", "user_id") VALUES (?, ?, ?, ?, ?)[0m  [["content", "28-day aged 300g USDA Certified Prime Ribeye, rosemary-thyme garlic butter, with choice of two sides."], ["created_at", "2019-02-04 13:04:00.732697"], ["updated_at", "2019-02-04 13:04:00.732697"], ["article_id", 3], ["user_id", 1]]
  ↳ db/seeds.rb:50
  [1m[35m (118.4ms)[0m  [1m[36mcommit transaction[0m
  ↳ db/seeds.rb:50
  [1m[36mArticle Load (0.2ms)[0m  [1m[34mSELECT  "articles".* FROM "articles" WHERE "articles"."id" = ? LIMIT ?[0m  [["id", 4], ["LIMIT", 1]]
  ↳ db/seeds.rb:39
  [1m[36mUser Load (0.3ms)[0m  [1m[34mSELECT  "users".* FROM "users" WHERE "users"."id" = ? LIMIT ?[0m  [["id", 1], ["LIMIT", 1]]
  ↳ db/seeds.rb:40
  [1m[35m (0.1ms)[0m  [1m[36mbegin transaction[0m
  ↳ db/seeds.rb:50
  [1m[36mCommentaire Create (1.1ms)[0m  [1m[32mINSERT INTO "commentaires" ("content", "created_at", "updated_at", "article_id", "user_id") VALUES (?, ?, ?, ?, ?)[0m  [["content", "Fresh parsley, Italian sausage, shallots, garlic, sun-dried tomatoes and mozzarella cheese in an all-butter crust. With a side of mixed fruits."], ["created_at", "2019-02-04 13:04:00.861398"], ["updated_at", "2019-02-04 13:04:00.861398"], ["article_id", 4], ["user_id", 1]]
  ↳ db/seeds.rb:50
  [1m[35m (121.0ms)[0m  [1m[36mcommit transaction[0m
  ↳ db/seeds.rb:50
  [1m[36mArticle Load (0.2ms)[0m  [1m[34mSELECT  "articles".* FROM "articles" WHERE "articles"."id" = ? LIMIT ?[0m  [["id", 5], ["LIMIT", 1]]
  ↳ db/seeds.rb:39
  [1m[36mUser Load (0.1ms)[0m  [1m[34mSELECT  "users".* FROM "users" WHERE "users"."id" = ? LIMIT ?[0m  [["id", 1], ["LIMIT", 1]]
  ↳ db/seeds.rb:40
  [1m[35m (0.1ms)[0m  [1m[36mbegin transaction[0m
  ↳ db/seeds.rb:50
  [1m[36mCommentaire Create (0.4ms)[0m  [1m[32mINSERT INTO "commentaires" ("content", "created_at", "updated_at", "article_id", "user_id") VALUES (?, ?, ?, ?, ?)[0m  [["content", "28-day aged 300g USDA Certified Prime Ribeye, rosemary-thyme garlic butter, with choice of two sides."], ["created_at", "2019-02-04 13:04:00.991786"], ["updated_at", "2019-02-04 13:04:00.991786"], ["article_id", 5], ["user_id", 1]]
  ↳ db/seeds.rb:50
  [1m[35m (126.1ms)[0m  [1m[36mcommit transaction[0m
  ↳ db/seeds.rb:50
  [1m[36mArticle Load (0.3ms)[0m  [1m[34mSELECT  "articles".* FROM "articles" WHERE "articles"."id" = ? LIMIT ?[0m  [["id", 6], ["LIMIT", 1]]
  ↳ db/seeds.rb:39
  [1m[36mUser Load (0.2ms)[0m  [1m[34mSELECT  "users".* FROM "users" WHERE "users"."id" = ? LIMIT ?[0m  [["id", 1], ["LIMIT", 1]]
  ↳ db/seeds.rb:40
  [1m[35m (0.1ms)[0m  [1m[36mbegin transaction[0m
  ↳ db/seeds.rb:50
  [1m[36mCommentaire Create (0.8ms)[0m  [1m[32mINSERT INTO "commentaires" ("content", "created_at", "updated_at", "article_id", "user_id") VALUES (?, ?, ?, ?, ?)[0m  [["content", "Three egg omelet with Roquefort cheese, chives, and ham. With a side of roasted potatoes, and your choice of toast or croissant."], ["created_at", "2019-02-04 13:04:01.126264"], ["updated_at", "2019-02-04 13:04:01.126264"], ["article_id", 6], ["user_id", 1]]
  ↳ db/seeds.rb:50
  [1m[35m (129.8ms)[0m  [1m[36mcommit transaction[0m
  ↳ db/seeds.rb:50
  [1m[36mArticle Load (0.2ms)[0m  [1m[34mSELECT  "articles".* FROM "articles" WHERE "articles"."id" = ? LIMIT ?[0m  [["id", 7], ["LIMIT", 1]]
  ↳ db/seeds.rb:39
  [1m[36mUser Load (0.1ms)[0m  [1m[34mSELECT  "users".* FROM "users" WHERE "users"."id" = ? LIMIT ?[0m  [["id", 2], ["LIMIT", 1]]
  ↳ db/seeds.rb:40
  [1m[35m (0.1ms)[0m  [1m[36mbegin transaction[0m
  ↳ db/seeds.rb:50
  [1m[36mCommentaire Create (1.0ms)[0m  [1m[32mINSERT INTO "commentaires" ("content", "created_at", "updated_at", "article_id", "user_id") VALUES (?, ?, ?, ?, ?)[0m  [["content", "Granny Smith apples mixed with brown sugar and butter filling, in a flaky all-butter crust, with ice cream."], ["created_at", "2019-02-04 13:04:01.264181"], ["updated_at", "2019-02-04 13:04:01.264181"], ["article_id", 7], ["user_id", 2]]
  ↳ db/seeds.rb:50
  [1m[35m (118.9ms)[0m  [1m[36mcommit transaction[0m
  ↳ db/seeds.rb:50
  [1m[36mArticle Load (0.3ms)[0m  [1m[34mSELECT  "articles".* FROM "articles" WHERE "articles"."id" = ? LIMIT ?[0m  [["id", 8], ["LIMIT", 1]]
  ↳ db/seeds.rb:39
  [1m[36mUser Load (0.2ms)[0m  [1m[34mSELECT  "users".* FROM "users" WHERE "users"."id" = ? LIMIT ?[0m  [["id", 3], ["LIMIT", 1]]
  ↳ db/seeds.rb:40
  [1m[35m (0.1ms)[0m  [1m[36mbegin transaction[0m
  ↳ db/seeds.rb:50
  [1m[36mCommentaire Create (0.5ms)[0m  [1m[32mINSERT INTO "commentaires" ("content", "created_at", "updated_at", "article_id", "user_id") VALUES (?, ?, ?, ?, ?)[0m  [["content", "Granny Smith apples mixed with brown sugar and butter filling, in a flaky all-butter crust, with ice cream."], ["created_at", "2019-02-04 13:04:01.392770"], ["updated_at", "2019-02-04 13:04:01.392770"], ["article_id", 8], ["user_id", 3]]
  ↳ db/seeds.rb:50
  [1m[35m (129.7ms)[0m  [1m[36mcommit transaction[0m
  ↳ db/seeds.rb:50
  [1m[36mArticle Load (0.3ms)[0m  [1m[34mSELECT  "articles".* FROM "articles" WHERE "articles"."id" = ? LIMIT ?[0m  [["id", 9], ["LIMIT", 1]]
  ↳ db/seeds.rb:39
  [1m[36mUser Load (0.3ms)[0m  [1m[34mSELECT  "users".* FROM "users" WHERE "users"."id" = ? LIMIT ?[0m  [["id", 4], ["LIMIT", 1]]
  ↳ db/seeds.rb:40
  [1m[35m (0.1ms)[0m  [1m[36mbegin transaction[0m
  ↳ db/seeds.rb:50
  [1m[36mCommentaire Create (0.6ms)[0m  [1m[32mINSERT INTO "commentaires" ("content", "created_at", "updated_at", "article_id", "user_id") VALUES (?, ?, ?, ?, ?)[0m  [["content", "Three egg omelet with Roquefort cheese, chives, and ham. With a side of roasted potatoes, and your choice of toast or croissant."], ["created_at", "2019-02-04 13:04:01.531775"], ["updated_at", "2019-02-04 13:04:01.531775"], ["article_id", 9], ["user_id", 4]]
  ↳ db/seeds.rb:50
  [1m[35m (123.3ms)[0m  [1m[36mcommit transaction[0m
  ↳ db/seeds.rb:50
  [1m[36mArticle Load (0.2ms)[0m  [1m[34mSELECT  "articles".* FROM "articles" WHERE "articles"."id" = ? LIMIT ?[0m  [["id", 10], ["LIMIT", 1]]
  ↳ db/seeds.rb:39
  [1m[36mUser Load (0.1ms)[0m  [1m[34mSELECT  "users".* FROM "users" WHERE "users"."id" = ? LIMIT ?[0m  [["id", 5], ["LIMIT", 1]]
  ↳ db/seeds.rb:40
  [1m[35m (0.1ms)[0m  [1m[36mbegin transaction[0m
  ↳ db/seeds.rb:50
  [1m[36mCommentaire Create (0.5ms)[0m  [1m[32mINSERT INTO "commentaires" ("content", "created_at", "updated_at", "article_id", "user_id") VALUES (?, ?, ?, ?, ?)[0m  [["content", "Fresh parsley, Italian sausage, shallots, garlic, sun-dried tomatoes and mozzarella cheese in an all-butter crust. With a side of mixed fruits."], ["created_at", "2019-02-04 13:04:01.663528"], ["updated_at", "2019-02-04 13:04:01.663528"], ["article_id", 10], ["user_id", 5]]
  ↳ db/seeds.rb:50
  [1m[35m (125.9ms)[0m  [1m[36mcommit transaction[0m
  ↳ db/seeds.rb:50
  [1m[36mArticle Load (0.3ms)[0m  [1m[34mSELECT  "articles".* FROM "articles" WHERE "articles"."id" = ? LIMIT ?[0m  [["id", 4], ["LIMIT", 1]]
  ↳ db/seeds.rb:39
  [1m[36mUser Load (0.2ms)[0m  [1m[34mSELECT  "users".* FROM "users" WHERE "users"."id" = ? LIMIT ?[0m  [["id", 5], ["LIMIT", 1]]
  ↳ db/seeds.rb:40
  [1m[35m (0.1ms)[0m  [1m[36mbegin transaction[0m
  ↳ db/seeds.rb:50
  [1m[36mCommentaire Create (0.6ms)[0m  [1m[32mINSERT INTO "commentaires" ("content", "created_at", "updated_at", "article_id", "user_id") VALUES (?, ?, ?, ?, ?)[0m  [["content", "Thick slices of French toast bread, brown sugar, half-and-half and vanilla, topped with powdered sugar. With two eggs served any style, and your choice of smoked bacon or smoked ham."], ["created_at", "2019-02-04 13:04:01.796975"], ["updated_at", "2019-02-04 13:04:01.796975"], ["article_id", 4], ["user_id", 5]]
  ↳ db/seeds.rb:50
  [1m[35m (148.6ms)[0m  [1m[36mcommit transaction[0m
  ↳ db/seeds.rb:50
  [1m[36mArticle Load (0.2ms)[0m  [1m[34mSELECT  "articles".* FROM "articles" WHERE "articles"."id" = ? LIMIT ?[0m  [["id", 5], ["LIMIT", 1]]
  ↳ db/seeds.rb:39
  [1m[36mUser Load (0.2ms)[0m  [1m[34mSELECT  "users".* FROM "users" WHERE "users"."id" = ? LIMIT ?[0m  [["id", 5], ["LIMIT", 1]]
  ↳ db/seeds.rb:40
  [1m[35m (0.2ms)[0m  [1m[36mbegin transaction[0m
  ↳ db/seeds.rb:50
  [1m[36mCommentaire Create (0.5ms)[0m  [1m[32mINSERT INTO "commentaires" ("content", "created_at", "updated_at", "article_id", "user_id") VALUES (?, ?, ?, ?, ?)[0m  [["content", "Two buttermilk waffles, topped with whipped cream and maple syrup, a side of two eggs served any style, and your choice of smoked bacon or smoked ham."], ["created_at", "2019-02-04 13:04:01.952637"], ["updated_at", "2019-02-04 13:04:01.952637"], ["article_id", 5], ["user_id", 5]]
  ↳ db/seeds.rb:50
  [1m[35m (129.1ms)[0m  [1m[36mcommit transaction[0m
  ↳ db/seeds.rb:50
  [1m[36mArticle Load (0.2ms)[0m  [1m[34mSELECT  "articles".* FROM "articles" WHERE "articles"."id" = ? LIMIT ?[0m  [["id", 6], ["LIMIT", 1]]
  ↳ db/seeds.rb:39
  [1m[36mUser Load (0.2ms)[0m  [1m[34mSELECT  "users".* FROM "users" WHERE "users"."id" = ? LIMIT ?[0m  [["id", 5], ["LIMIT", 1]]
  ↳ db/seeds.rb:40
  [1m[35m (0.1ms)[0m  [1m[36mbegin transaction[0m
  ↳ db/seeds.rb:50
  [1m[36mCommentaire Create (0.6ms)[0m  [1m[32mINSERT INTO "commentaires" ("content", "created_at", "updated_at", "article_id", "user_id") VALUES (?, ?, ?, ?, ?)[0m  [["content", "Breaded fried chicken with waffles, and a side of maple syrup."], ["created_at", "2019-02-04 13:04:02.089357"], ["updated_at", "2019-02-04 13:04:02.089357"], ["article_id", 6], ["user_id", 5]]
  ↳ db/seeds.rb:50
  [1m[35m (114.6ms)[0m  [1m[36mcommit transaction[0m
  ↳ db/seeds.rb:50
  [1m[36mArticle Load (0.3ms)[0m  [1m[34mSELECT  "articles".* FROM "articles" WHERE "articles"."id" = ? LIMIT ?[0m  [["id", 7], ["LIMIT", 1]]
  ↳ db/seeds.rb:39
  [1m[36mUser Load (0.2ms)[0m  [1m[34mSELECT  "users".* FROM "users" WHERE "users"."id" = ? LIMIT ?[0m  [["id", 6], ["LIMIT", 1]]
  ↳ db/seeds.rb:40
  [1m[35m (0.1ms)[0m  [1m[36mbegin transaction[0m
  ↳ db/seeds.rb:50
  [1m[36mCommentaire Create (0.5ms)[0m  [1m[32mINSERT INTO "commentaires" ("content", "created_at", "updated_at", "article_id", "user_id") VALUES (?, ?, ?, ?, ?)[0m  [["content", "28-day aged 300g USDA Certified Prime Ribeye, rosemary-thyme garlic butter, with choice of two sides."], ["created_at", "2019-02-04 13:04:02.212754"], ["updated_at", "2019-02-04 13:04:02.212754"], ["article_id", 7], ["user_id", 6]]
  ↳ db/seeds.rb:50
  [1m[35m (110.9ms)[0m  [1m[36mcommit transaction[0m
  ↳ db/seeds.rb:50
  [1m[36mArticle Load (0.2ms)[0m  [1m[34mSELECT  "articles".* FROM "articles" WHERE "articles"."id" = ? LIMIT ?[0m  [["id", 8], ["LIMIT", 1]]
  ↳ db/seeds.rb:39
  [1m[36mUser Load (0.1ms)[0m  [1m[34mSELECT  "users".* FROM "users" WHERE "users"."id" = ? LIMIT ?[0m  [["id", 7], ["LIMIT", 1]]
  ↳ db/seeds.rb:40
  [1m[35m (0.1ms)[0m  [1m[36mbegin transaction[0m
  ↳ db/seeds.rb:50
  [1m[36mCommentaire Create (0.4ms)[0m  [1m[32mINSERT INTO "commentaires" ("content", "created_at", "updated_at", "article_id", "user_id") VALUES (?, ?, ?, ?, ?)[0m  [["content", "Creamy mascarpone cheese and custard layered between espresso and rum soaked house-made ladyfingers, topped with Valrhona cocoa powder."], ["created_at", "2019-02-04 13:04:02.328402"], ["updated_at", "2019-02-04 13:04:02.328402"], ["article_id", 8], ["user_id", 7]]
  ↳ db/seeds.rb:50
  [1m[35m (101.8ms)[0m  [1m[36mcommit transaction[0m
  ↳ db/seeds.rb:50
  [1m[36mArticle Load (0.3ms)[0m  [1m[34mSELECT  "articles".* FROM "articles" WHERE "articles"."id" = ? LIMIT ?[0m  [["id", 9], ["LIMIT", 1]]
  ↳ db/seeds.rb:39
  [1m[36mUser Load (0.2ms)[0m  [1m[34mSELECT  "users".* FROM "users" WHERE "users"."id" = ? LIMIT ?[0m  [["id", 8], ["LIMIT", 1]]
  ↳ db/seeds.rb:40
  [1m[35m (0.2ms)[0m  [1m[36mbegin transaction[0m
  ↳ db/seeds.rb:50
  [1m[36mCommentaire Create (0.9ms)[0m  [1m[32mINSERT INTO "commentaires" ("content", "created_at", "updated_at", "article_id", "user_id") VALUES (?, ?, ?, ?, ?)[0m  [["content", "Thick slices of French toast bread, brown sugar, half-and-half and vanilla, topped with powdered sugar. With two eggs served any style, and your choice of smoked bacon or smoked ham."], ["created_at", "2019-02-04 13:04:02.438012"], ["updated_at", "2019-02-04 13:04:02.438012"], ["article_id", 9], ["user_id", 8]]
  ↳ db/seeds.rb:50
  [1m[35m (106.4ms)[0m  [1m[36mcommit transaction[0m
  ↳ db/seeds.rb:50
  [1m[35m (0.2ms)[0m  [1m[34mSELECT "schema_migrations"."version" FROM "schema_migrations" ORDER BY "schema_migrations"."version" ASC[0m
  ↳ bin/rails:9
Migrating to CreateLikes (20190204131002)
  [1m[35m (0.1ms)[0m  [1m[36mbegin transaction[0m
  ↳ bin/rails:9
  [1m[35m (0.2ms)[0m  [1m[34mSELECT sqlite_version(*)[0m
  ↳ db/migrate/20190204131002_create_likes.rb:3
  [1m[35m (1.4ms)[0m  [1m[35mCREATE TABLE "likes" ("id" integer PRIMARY KEY AUTOINCREMENT NOT NULL, "created_at" datetime NOT NULL, "updated_at" datetime NOT NULL)[0m
  ↳ db/migrate/20190204131002_create_likes.rb:3
  [1m[36mActiveRecord::SchemaMigration Create (0.3ms)[0m  [1m[32mINSERT INTO "schema_migrations" ("version") VALUES (?)[0m  [["version", "20190204131002"]]
  ↳ bin/rails:9
  [1m[35m (119.0ms)[0m  [1m[36mcommit transaction[0m
  ↳ bin/rails:9
  [1m[36mActiveRecord::InternalMetadata Load (0.2ms)[0m  [1m[34mSELECT  "ar_internal_metadata".* FROM "ar_internal_metadata" WHERE "ar_internal_metadata"."key" = ? LIMIT ?[0m  [["key", "environment"], ["LIMIT", 1]]
  ↳ bin/rails:9
  [1m[35m (0.1ms)[0m  [1m[36mbegin transaction[0m
  ↳ bin/rails:9
  [1m[35m (0.1ms)[0m  [1m[36mcommit transaction[0m
  ↳ bin/rails:9
  [1m[35m (0.2ms)[0m  [1m[34mSELECT "schema_migrations"."version" FROM "schema_migrations" ORDER BY "schema_migrations"."version" ASC[0m
  ↳ bin/rails:9
Started GET "/" for 127.0.0.1 at 2019-02-04 16:36:28 +0300
  [1m[35m (0.4ms)[0m  [1m[34mSELECT "schema_migrations"."version" FROM "schema_migrations" ORDER BY "schema_migrations"."version" ASC[0m
  ↳ /home/parany/.rbenv/versions/2.5.3/lib/ruby/gems/2.5.0/gems/activerecord-5.2.2/lib/active_record/log_subscriber.rb:98
Processing by Rails::WelcomeController#index as HTML
  Rendering /home/parany/.rbenv/versions/2.5.3/lib/ruby/gems/2.5.0/gems/railties-5.2.2/lib/rails/templates/rails/welcome/index.html.erb
  Rendered /home/parany/.rbenv/versions/2.5.3/lib/ruby/gems/2.5.0/gems/railties-5.2.2/lib/rails/templates/rails/welcome/index.html.erb (4.9ms)
Completed 200 OK in 66ms (Views: 39.8ms | ActiveRecord: 0.0ms)


Started GET "/" for 127.0.0.1 at 2019-02-04 16:39:29 +0300
  
ArgumentError (Missing :controller key on routes definition, please check your routes.):
  
config/routes.rb:3:in `block in <main>'
config/routes.rb:1:in `<main>'
Started GET "/acceuil/p1" for 127.0.0.1 at 2019-02-04 16:50:00 +0300
  [1m[35m (0.2ms)[0m  [1m[34mSELECT "schema_migrations"."version" FROM "schema_migrations" ORDER BY "schema_migrations"."version" ASC[0m
  ↳ /home/parany/.rbenv/versions/2.5.3/lib/ruby/gems/2.5.0/gems/activerecord-5.2.2/lib/active_record/log_subscriber.rb:98
  
ActionController::RoutingError (No route matches [GET] "/acceuil/p1"):
  
actionpack (5.2.2) lib/action_dispatch/middleware/debug_exceptions.rb:65:in `call'
web-console (3.7.0) lib/web_console/middleware.rb:135:in `call_app'
web-console (3.7.0) lib/web_console/middleware.rb:30:in `block in call'
web-console (3.7.0) lib/web_console/middleware.rb:20:in `catch'
web-console (3.7.0) lib/web_console/middleware.rb:20:in `call'
actionpack (5.2.2) lib/action_dispatch/middleware/show_exceptions.rb:33:in `call'
railties (5.2.2) lib/rails/rack/logger.rb:38:in `call_app'
railties (5.2.2) lib/rails/rack/logger.rb:26:in `block in call'
activesupport (5.2.2) lib/active_support/tagged_logging.rb:71:in `block in tagged'
activesupport (5.2.2) lib/active_support/tagged_logging.rb:28:in `tagged'
activesupport (5.2.2) lib/active_support/tagged_logging.rb:71:in `tagged'
railties (5.2.2) lib/rails/rack/logger.rb:26:in `call'
sprockets-rails (3.2.1) lib/sprockets/rails/quiet_assets.rb:13:in `call'
actionpack (5.2.2) lib/action_dispatch/middleware/remote_ip.rb:81:in `call'
actionpack (5.2.2) lib/action_dispatch/middleware/request_id.rb:27:in `call'
rack (2.0.6) lib/rack/method_override.rb:22:in `call'
rack (2.0.6) lib/rack/runtime.rb:22:in `call'
activesupport (5.2.2) lib/active_support/cache/strategy/local_cache_middleware.rb:29:in `call'
actionpack (5.2.2) lib/action_dispatch/middleware/executor.rb:14:in `call'
actionpack (5.2.2) lib/action_dispatch/middleware/static.rb:127:in `call'
rack (2.0.6) lib/rack/sendfile.rb:111:in `call'
railties (5.2.2) lib/rails/engine.rb:524:in `call'
puma (3.12.0) lib/puma/configuration.rb:225:in `call'
puma (3.12.0) lib/puma/server.rb:658:in `handle_request'
puma (3.12.0) lib/puma/server.rb:472:in `process_client'
puma (3.12.0) lib/puma/server.rb:332:in `block in run'
puma (3.12.0) lib/puma/thread_pool.rb:133:in `block in spawn_thread'
Started GET "/accueil/p1" for 127.0.0.1 at 2019-02-04 16:50:26 +0300
Processing by AccueilController#p1 as HTML
  Rendering accueil/p1.html.erb within layouts/application
  Rendered accueil/p1.html.erb within layouts/application (0.4ms)
Completed 200 OK in 3148ms (Views: 3146.1ms | ActiveRecord: 0.0ms)


Started GET "/accueil/stylee.css" for 127.0.0.1 at 2019-02-04 16:50:30 +0300
  
ActionController::RoutingError (No route matches [GET] "/accueil/stylee.css"):
  
actionpack (5.2.2) lib/action_dispatch/middleware/debug_exceptions.rb:65:in `call'
web-console (3.7.0) lib/web_console/middleware.rb:135:in `call_app'
web-console (3.7.0) lib/web_console/middleware.rb:30:in `block in call'
web-console (3.7.0) lib/web_console/middleware.rb:20:in `catch'
web-console (3.7.0) lib/web_console/middleware.rb:20:in `call'
actionpack (5.2.2) lib/action_dispatch/middleware/show_exceptions.rb:33:in `call'
railties (5.2.2) lib/rails/rack/logger.rb:38:in `call_app'
railties (5.2.2) lib/rails/rack/logger.rb:26:in `block in call'
activesupport (5.2.2) lib/active_support/tagged_logging.rb:71:in `block in tagged'
activesupport (5.2.2) lib/active_support/tagged_logging.rb:28:in `tagged'
activesupport (5.2.2) lib/active_support/tagged_logging.rb:71:in `tagged'
railties (5.2.2) lib/rails/rack/logger.rb:26:in `call'
sprockets-rails (3.2.1) lib/sprockets/rails/quiet_assets.rb:13:in `call'
actionpack (5.2.2) lib/action_dispatch/middleware/remote_ip.rb:81:in `call'
actionpack (5.2.2) lib/action_dispatch/middleware/request_id.rb:27:in `call'
rack (2.0.6) lib/rack/method_override.rb:22:in `call'
rack (2.0.6) lib/rack/runtime.rb:22:in `call'
activesupport (5.2.2) lib/active_support/cache/strategy/local_cache_middleware.rb:29:in `call'
actionpack (5.2.2) lib/action_dispatch/middleware/executor.rb:14:in `call'
actionpack (5.2.2) lib/action_dispatch/middleware/static.rb:127:in `call'
rack (2.0.6) lib/rack/sendfile.rb:111:in `call'
railties (5.2.2) lib/rails/engine.rb:524:in `call'
puma (3.12.0) lib/puma/configuration.rb:225:in `call'
puma (3.12.0) lib/puma/server.rb:658:in `handle_request'
puma (3.12.0) lib/puma/server.rb:472:in `process_client'
puma (3.12.0) lib/puma/server.rb:332:in `block in run'
puma (3.12.0) lib/puma/thread_pool.rb:133:in `block in spawn_thread'
Started GET "/accueil/stylee.css" for 127.0.0.1 at 2019-02-04 16:50:30 +0300
  
ActionController::RoutingError (No route matches [GET] "/accueil/stylee.css"):
  
actionpack (5.2.2) lib/action_dispatch/middleware/debug_exceptions.rb:65:in `call'
web-console (3.7.0) lib/web_console/middleware.rb:135:in `call_app'
web-console (3.7.0) lib/web_console/middleware.rb:30:in `block in call'
web-console (3.7.0) lib/web_console/middleware.rb:20:in `catch'
web-console (3.7.0) lib/web_console/middleware.rb:20:in `call'
actionpack (5.2.2) lib/action_dispatch/middleware/show_exceptions.rb:33:in `call'
railties (5.2.2) lib/rails/rack/logger.rb:38:in `call_app'
railties (5.2.2) lib/rails/rack/logger.rb:26:in `block in call'
activesupport (5.2.2) lib/active_support/tagged_logging.rb:71:in `block in tagged'
activesupport (5.2.2) lib/active_support/tagged_logging.rb:28:in `tagged'
activesupport (5.2.2) lib/active_support/tagged_logging.rb:71:in `tagged'
railties (5.2.2) lib/rails/rack/logger.rb:26:in `call'
sprockets-rails (3.2.1) lib/sprockets/rails/quiet_assets.rb:13:in `call'
actionpack (5.2.2) lib/action_dispatch/middleware/remote_ip.rb:81:in `call'
actionpack (5.2.2) lib/action_dispatch/middleware/request_id.rb:27:in `call'
rack (2.0.6) lib/rack/method_override.rb:22:in `call'
rack (2.0.6) lib/rack/runtime.rb:22:in `call'
activesupport (5.2.2) lib/active_support/cache/strategy/local_cache_middleware.rb:29:in `call'
actionpack (5.2.2) lib/action_dispatch/middleware/executor.rb:14:in `call'
actionpack (5.2.2) lib/action_dispatch/middleware/static.rb:127:in `call'
rack (2.0.6) lib/rack/sendfile.rb:111:in `call'
railties (5.2.2) lib/rails/engine.rb:524:in `call'
puma (3.12.0) lib/puma/configuration.rb:225:in `call'
puma (3.12.0) lib/puma/server.rb:658:in `handle_request'
puma (3.12.0) lib/puma/server.rb:472:in `process_client'
puma (3.12.0) lib/puma/server.rb:332:in `block in run'
puma (3.12.0) lib/puma/thread_pool.rb:133:in `block in spawn_thread'
